[2026-01-20T01:51:17.143] error: execve(): ray: No such file or directory
srun: error: neu308: task 0: Exited with exit code 2
+ unset ROCR_VISIBLE_DEVICES
+ unset HIP_VISIBLE_DEVICES
+ export CUDA_VISIBLE_DEVICES=0,1,2,3
+ CUDA_VISIBLE_DEVICES=0,1,2,3
+ export HF_HOME=/n/fs/wh-vlm/cache/huggingface
+ HF_HOME=/n/fs/wh-vlm/cache/huggingface
+ max_lengths=(4096 8192 16384)
+ TTT_RL=0
+ TTT_SFT=0
+ TASK_RL=0
+ TASK_SFT=0
+ VAL_TTT_RL=0
+ VAL_TTT_SFT=0
+ dataset=squadqa
+ MODEL=lact_sftrl_pt
+ VAL_BEFORE_TRAIN=1
+ VAL_ONLY=1
+ max_seq_length=16384
+ '[' lact_sftrl_pt == lact ']'
+ '[' lact_sftrl_pt == lact_sft ']'
+ '[' lact_sftrl_pt == lact_sftrl ']'
+ '[' lact_sftrl_pt == lact_sftrl_pt ']'
+ model_name=lact
+ model_tag=lact_sftrl_pt
+ model_path=/n/fs/xw-hh/checkpoints/lact_rl/lact_sftrl_k5_ruler_squadqa_16384_32_tttrl_c8n1k5_hybrid_tasksft/global_step_24/actor/huggingface
+ train_files=/n/fs/xw-hh/tttrl_data/data/ruler/ruler_squadqa_lact_16384_1600_train.parquet
+ val_files=/n/fs/xw-hh/tttrl_data/data/ruler/ruler_squadqa_lact_16384_200_test.parquet
+ custom_reward_function_path=/n/fs/xw-hh/tttrl/verl/utils/reward_score/ruler.py
+ max_response_length=32
+ max_prompt_length=16352
+ NGPU=4
+ save_freq=24
+ test_freq=24
+ total_epochs=1
+ train_batch_size=64
+ '[' lact_sftrl_pt == lact_sftrl_pt
/var/spool/slurmd/job2477312/slurm_script: line 152: [: missing `]'
+ lact_sftrl_pt == delta_net_sftrl_pt ']'
/var/spool/slurmd/job2477312/slurm_script: line 152: lact_sftrl_pt: command not found
+ val_batch_size=32
+ task_ppo_mini_batch_size=16
+ task_ppo_micro_batch_size_per_gpu=2
+ task_log_prob_micro_batch_size_per_gpu=2
+ n=1
+ '[' 0 == 1 ']'
+ '[' 0 == 0 ']'
+ task_sft_update=False
+ '[' 0 == 1 ']'
+ '[' 0 == 0 ']'
+ task_update=True
+ task_ppo_update=False
+ '[' 0 == 0 ']'
+ ttt_sft_update=False
+ ttt_ppo_update=False
/var/spool/slurmd/job2477312/slurm_script: line 326: syntax error: unexpected end of file
