[2026-01-20T02:35:01.844] error: execve(): ray: No such file or directory
srun: error: neu316: task 0: Exited with exit code 2
+ unset ROCR_VISIBLE_DEVICES
+ unset HIP_VISIBLE_DEVICES
+ export CUDA_VISIBLE_DEVICES=0,1,2,3
+ CUDA_VISIBLE_DEVICES=0,1,2,3
+ export HF_HOME=/n/fs/wh-vlm/cache/huggingface
+ HF_HOME=/n/fs/wh-vlm/cache/huggingface
+ max_lengths=(4096 8192 16384)
+ TTT_RL=0
+ TTT_SFT=0
+ TASK_RL=0
+ TASK_SFT=0
+ VAL_TTT_RL=1
+ VAL_TTT_SFT=1
+ dataset=hotpotqa
+ MODEL=delta_net_sftrl_pt
+ VAL_BEFORE_TRAIN=1
+ VAL_ONLY=1
+ max_seq_length=4096
+ '[' delta_net_sftrl_pt == lact ']'
+ '[' delta_net_sftrl_pt == lact_sft ']'
+ '[' delta_net_sftrl_pt == lact_sftrl ']'
+ '[' delta_net_sftrl_pt == lact_sftrl_pt ']'
+ '[' delta_net_sftrl_pt == delta_net ']'
+ '[' delta_net_sftrl_pt == delta_net_sft ']'
+ '[' delta_net_sftrl_pt == delta_net_sftrl ']'
+ '[' delta_net_sftrl_pt == delta_net_sftrl_pt ']'
+ model_name=delta_net
+ model_tag=delta_net_sftrl_pt
+ model_path=/n/fs/xw-hh/checkpoints/lact_rl/delta_net_sftrl_k5_ruler_hotpotqa_4096_32_tttrl_c8n1k5_hybrid_tasksft/global_step_24/actor/huggingface
+ export TRITON_CACHE_DIR=/n/fs/xw-hh/triton/cache
+ TRITON_CACHE_DIR=/n/fs/xw-hh/triton/cache
+ train_files=/n/fs/xw-hh/tttrl_data/data/ruler/ruler_hotpotqa_delta_net_4096_1600_train.parquet
+ val_files=/n/fs/xw-hh/tttrl_data/data/ruler/ruler_hotpotqa_delta_net_4096_200_test.parquet
+ custom_reward_function_path=/n/fs/xw-hh/tttrl/verl/utils/reward_score/ruler.py
+ max_response_length=32
+ max_prompt_length=4064
+ NGPU=4
+ save_freq=24
+ test_freq=24
+ total_epochs=1
+ train_batch_size=64
+ '[' delta_net_sftrl_pt == lact_sftrl_pt
/var/spool/slurmd/job2477357/slurm_script: line 152: [: missing `]'
+ delta_net_sftrl_pt == delta_net_sftrl_pt ']'
/var/spool/slurmd/job2477357/slurm_script: line 152: delta_net_sftrl_pt: command not found
+ val_batch_size=32
+ task_ppo_mini_batch_size=16
+ task_ppo_micro_batch_size_per_gpu=2
+ task_log_prob_micro_batch_size_per_gpu=2
+ n=1
+ '[' 0 == 1 ']'
+ '[' 0 == 0 ']'
+ task_sft_update=False
+ '[' 0 == 1 ']'
+ '[' 0 == 0 ']'
+ task_update=True
+ task_ppo_update=False
+ '[' 0 == 0 ']'
+ ttt_sft_update=False
+ ttt_ppo_update=False
+ '[' delta_net_sftrl_pt == lact_sftrl_pt
/var/spool/slurmd/job2477357/slurm_script: line 190: [: missing `]'
+ delta_net_sftrl_pt == delta_net_sftrl_pt ']'
/var/spool/slurmd/job2477357/slurm_script: line 190: delta_net_sftrl_pt: command not found
+ ttt_ppo_mini_batch_size=16
+ ttt_reward=hybrid
+ ttt_ppo_loss_coef=0.2
+ ttt_ppo_micro_batch_size_per_gpu=2
+ ttt_log_prob_micro_batch_size_per_gpu=2
+ ttt_k=5
+ ttt_n=1
+ ttt_temperature=1.0
+ ttt_sft_loss_coef=1.0
+ ttt_n_chunks=8
+ '[' 1 == 1 ']'
+ val_only=True
+ '[' 1 == 1 ']'
+ val_before_train=True
+ '[' 1 == 0 ']'
+ '[' 1 == 1 ']'
+ val_ttt_sft_update=True
+ '[' 1 == 1 ']'
+ val_ttt_ppo_update=True
+ '[' 0 == 1 ']'
+ '[' 0 == 1 ']'
+ task_tag=
+ '[' 0 == 1 ']'
+ '[' 0 == 1 ']'
+ ttt_tag=
+ '[' 1 == 1 ']'
+ val_ttt_tag=_valtttsft
+ project_name=lact_rl
+ experiment_name=delta_net_sftrl_pt_ruler_hotpotqa_4096_32_valtttsft
+ ckpt_dir=/n/fs/xw-hh/checkpoints/lact_rl/delta_net_sftrl_pt_ruler_hotpotqa_4096_32_valtttsft
+ logger=console
+ cd /n/fs/xw-hh/tttrl/
+ source /n/fs/wh-vlm/miniforge3/etc/profile.d/conda.sh
++ export CONDA_EXE=/n/fs/wh-vlm/miniforge3/bin/conda
++ CONDA_EXE=/n/fs/wh-vlm/miniforge3/bin/conda
++ export _CE_M=
++ _CE_M=
++ export _CE_CONDA=
++ _CE_CONDA=
++ export CONDA_PYTHON_EXE=/n/fs/wh-vlm/miniforge3/bin/python
++ CONDA_PYTHON_EXE=/n/fs/wh-vlm/miniforge3/bin/python
++ '[' -z '' ']'
++ export CONDA_SHLVL=0
++ CONDA_SHLVL=0
++ '[' -n '' ']'
++++ dirname /n/fs/wh-vlm/miniforge3/bin/conda
+++ dirname /n/fs/wh-vlm/miniforge3/bin
++ PATH=/n/fs/wh-vlm/miniforge3/condabin:/u/hh2605/bin:/auto/u/hh2605/.cursor-server/cli/servers/Stable-cf858ca030e9c9a99ea444ec6efcbcfc40bfda70/server/bin/remote-cli:/u/hh2605/.local/bin:/u/hh2605/bin:/usr/share/Modules/bin:/u/hh2605/bin:/usr/local/bin:/usr/bin:/usr/local/sbin:/usr/sbin:/opt/puppetlabs/bin
++ export PATH
++ '[' -z '' ']'
++ PS1=
+ conda activate lact_rl
+ local cmd=activate
+ case "$cmd" in
+ __conda_activate activate lact_rl
+ '[' -n '' ']'
+ local ask_conda
++ PS1=
++ __conda_exe shell.posix activate lact_rl
++ /n/fs/wh-vlm/miniforge3/bin/conda shell.posix activate lact_rl
+ ask_conda='PS1='\''(lact_rl) '\''
export PATH='\''/n/fs/wh-vlm/miniforge3/envs/lact_rl/bin:/n/fs/wh-vlm/miniforge3/condabin:/u/hh2605/bin:/auto/u/hh2605/.cursor-server/cli/servers/Stable-cf858ca030e9c9a99ea444ec6efcbcfc40bfda70/server/bin/remote-cli:/u/hh2605/.local/bin:/u/hh2605/bin:/usr/share/Modules/bin:/u/hh2605/bin:/usr/local/bin:/usr/bin:/usr/local/sbin:/usr/sbin:/opt/puppetlabs/bin'\''
export CONDA_PREFIX='\''/n/fs/wh-vlm/miniforge3/envs/lact_rl'\''
export CONDA_SHLVL='\''1'\''
export CONDA_DEFAULT_ENV='\''lact_rl'\''
export CONDA_PROMPT_MODIFIER='\''(lact_rl) '\''
export CONDA_EXE='\''/n/fs/wh-vlm/miniforge3/bin/conda'\''
export _CE_M='\'''\''
export _CE_CONDA='\'''\''
export CONDA_PYTHON_EXE='\''/n/fs/wh-vlm/miniforge3/bin/python'\'''
+ eval 'PS1='\''(lact_rl) '\''
export PATH='\''/n/fs/wh-vlm/miniforge3/envs/lact_rl/bin:/n/fs/wh-vlm/miniforge3/condabin:/u/hh2605/bin:/auto/u/hh2605/.cursor-server/cli/servers/Stable-cf858ca030e9c9a99ea444ec6efcbcfc40bfda70/server/bin/remote-cli:/u/hh2605/.local/bin:/u/hh2605/bin:/usr/share/Modules/bin:/u/hh2605/bin:/usr/local/bin:/usr/bin:/usr/local/sbin:/usr/sbin:/opt/puppetlabs/bin'\''
export CONDA_PREFIX='\''/n/fs/wh-vlm/miniforge3/envs/lact_rl'\''
export CONDA_SHLVL='\''1'\''
export CONDA_DEFAULT_ENV='\''lact_rl'\''
export CONDA_PROMPT_MODIFIER='\''(lact_rl) '\''
export CONDA_EXE='\''/n/fs/wh-vlm/miniforge3/bin/conda'\''
export _CE_M='\'''\''
export _CE_CONDA='\'''\''
export CONDA_PYTHON_EXE='\''/n/fs/wh-vlm/miniforge3/bin/python'\'''
++ PS1='(lact_rl) '
++ export PATH=/n/fs/wh-vlm/miniforge3/envs/lact_rl/bin:/n/fs/wh-vlm/miniforge3/condabin:/u/hh2605/bin:/auto/u/hh2605/.cursor-server/cli/servers/Stable-cf858ca030e9c9a99ea444ec6efcbcfc40bfda70/server/bin/remote-cli:/u/hh2605/.local/bin:/u/hh2605/bin:/usr/share/Modules/bin:/u/hh2605/bin:/usr/local/bin:/usr/bin:/usr/local/sbin:/usr/sbin:/opt/puppetlabs/bin
++ PATH=/n/fs/wh-vlm/miniforge3/envs/lact_rl/bin:/n/fs/wh-vlm/miniforge3/condabin:/u/hh2605/bin:/auto/u/hh2605/.cursor-server/cli/servers/Stable-cf858ca030e9c9a99ea444ec6efcbcfc40bfda70/server/bin/remote-cli:/u/hh2605/.local/bin:/u/hh2605/bin:/usr/share/Modules/bin:/u/hh2605/bin:/usr/local/bin:/usr/bin:/usr/local/sbin:/usr/sbin:/opt/puppetlabs/bin
++ export CONDA_PREFIX=/n/fs/wh-vlm/miniforge3/envs/lact_rl
++ CONDA_PREFIX=/n/fs/wh-vlm/miniforge3/envs/lact_rl
++ export CONDA_SHLVL=1
++ CONDA_SHLVL=1
++ export CONDA_DEFAULT_ENV=lact_rl
++ CONDA_DEFAULT_ENV=lact_rl
++ export 'CONDA_PROMPT_MODIFIER=(lact_rl) '
++ CONDA_PROMPT_MODIFIER='(lact_rl) '
++ export CONDA_EXE=/n/fs/wh-vlm/miniforge3/bin/conda
++ CONDA_EXE=/n/fs/wh-vlm/miniforge3/bin/conda
++ export _CE_M=
++ _CE_M=
++ export _CE_CONDA=
++ _CE_CONDA=
++ export CONDA_PYTHON_EXE=/n/fs/wh-vlm/miniforge3/bin/python
++ CONDA_PYTHON_EXE=/n/fs/wh-vlm/miniforge3/bin/python
+ __conda_hashr
+ '[' -n '' ']'
+ '[' -n '' ']'
+ hash -r
+ PYTHONUNBUFFERED=1
+ srun --overlap --nodes=1 --ntasks=1 -w neu316 python3 -m verl.trainer.main_ppo algorithm.adv_estimator=grpo +algorithm.task_sft_update=False +algorithm.task_ppo_update=False +algorithm.ttt_sft_update=False +algorithm.ttt_ppo_update=False +algorithm.val_ttt_ppo_update=True +algorithm.val_ttt_sft_update=True custom_reward_function.path=/n/fs/xw-hh/tttrl/verl/utils/reward_score/ruler.py data.train_files=/n/fs/xw-hh/tttrl_data/data/ruler/ruler_hotpotqa_delta_net_4096_1600_train.parquet data.val_files=/n/fs/xw-hh/tttrl_data/data/ruler/ruler_hotpotqa_delta_net_4096_200_test.parquet data.prompt_key=prompt +data.answer_key=answer +data.data_source_key=task data.custom_cls.path=/n/fs/xw-hh/tttrl/verl/utils/dataset/rl_dataset.py data.custom_cls.name=TTTRLHFDataset data.train_batch_size=64 data.val_batch_size=32 data.max_prompt_length=4064 data.max_response_length=32 actor_rollout_ref.model.path=/n/fs/xw-hh/checkpoints/lact_rl/delta_net_sftrl_k5_ruler_hotpotqa_4096_32_tttrl_c8n1k5_hybrid_tasksft/global_step_24/actor/huggingface +actor_rollout_ref.actor.ttt_n_chunks=8 +actor_rollout_ref.actor.ttt_n=1 +actor_rollout_ref.actor.ttt_reward=hybrid +actor_rollout_ref.actor.ttt_sft_loss_coef=1.0 +actor_rollout_ref.actor.ttt_ppo_loss_coef=0.2 +actor_rollout_ref.actor.ttt_ppo_mini_batch_size=16 +actor_rollout_ref.actor.ttt_ppo_micro_batch_size_per_gpu=2 actor_rollout_ref.actor.ppo_mini_batch_size=16 actor_rollout_ref.actor.ppo_micro_batch_size_per_gpu=2 actor_rollout_ref.rollout.log_prob_micro_batch_size_per_gpu=2 +actor_rollout_ref.rollout.ttt_log_prob_micro_batch_size_per_gpu=2 +actor_rollout_ref.rollout.ttt_temperature=1.0 +actor_rollout_ref.rollout.ttt_response_length=5 actor_rollout_ref.rollout.name=hf actor_rollout_ref.rollout.gpu_memory_utilization=0.9 actor_rollout_ref.rollout.n=1 trainer.balance_batch=False trainer.default_local_dir=/n/fs/xw-hh/checkpoints/lact_rl/delta_net_sftrl_pt_ruler_hotpotqa_4096_32_valtttsft trainer.val_before_train=True trainer.val_only=True trainer.n_gpus_per_node=4 trainer.nnodes=1 trainer.save_freq=24 trainer.test_freq=24 trainer.project_name=lact_rl trainer.experiment_name=delta_net_sftrl_pt_ruler_hotpotqa_4096_32_valtttsft trainer.logger=console trainer.total_epochs=1
2026-01-20 02:35:24,111	INFO worker.py:1942 -- Started a local Ray instance. View the dashboard at [1m[32mhttp://127.0.0.1:8266 [39m[22m
[36m(TaskRunner pid=2739591)[0m DeprecationWarning: `ray.state.available_resources_per_node` is a private attribute and access will be removed in a future Ray version.
[36m(TaskRunner pid=2739591)[0m WARNING:2026-01-20 02:35:35,391:Waiting for register center actor PuStnr_register_center to be ready. Elapsed time: 0 seconds out of 300 seconds.
Error executing job with overrides: ['algorithm.adv_estimator=grpo', '+algorithm.task_sft_update=False', '+algorithm.task_ppo_update=False', '+algorithm.ttt_sft_update=False', '+algorithm.ttt_ppo_update=False', '+algorithm.val_ttt_ppo_update=True', '+algorithm.val_ttt_sft_update=True', 'custom_reward_function.path=/n/fs/xw-hh/tttrl/verl/utils/reward_score/ruler.py', 'data.train_files=/n/fs/xw-hh/tttrl_data/data/ruler/ruler_hotpotqa_delta_net_4096_1600_train.parquet', 'data.val_files=/n/fs/xw-hh/tttrl_data/data/ruler/ruler_hotpotqa_delta_net_4096_200_test.parquet', 'data.prompt_key=prompt', '+data.answer_key=answer', '+data.data_source_key=task', 'data.custom_cls.path=/n/fs/xw-hh/tttrl/verl/utils/dataset/rl_dataset.py', 'data.custom_cls.name=TTTRLHFDataset', 'data.train_batch_size=64', 'data.val_batch_size=32', 'data.max_prompt_length=4064', 'data.max_response_length=32', 'actor_rollout_ref.model.path=/n/fs/xw-hh/checkpoints/lact_rl/delta_net_sftrl_k5_ruler_hotpotqa_4096_32_tttrl_c8n1k5_hybrid_tasksft/global_step_24/actor/huggingface', '+actor_rollout_ref.actor.ttt_n_chunks=8', '+actor_rollout_ref.actor.ttt_n=1', '+actor_rollout_ref.actor.ttt_reward=hybrid', '+actor_rollout_ref.actor.ttt_sft_loss_coef=1.0', '+actor_rollout_ref.actor.ttt_ppo_loss_coef=0.2', '+actor_rollout_ref.actor.ttt_ppo_mini_batch_size=16', '+actor_rollout_ref.actor.ttt_ppo_micro_batch_size_per_gpu=2', 'actor_rollout_ref.actor.ppo_mini_batch_size=16', 'actor_rollout_ref.actor.ppo_micro_batch_size_per_gpu=2', 'actor_rollout_ref.rollout.log_prob_micro_batch_size_per_gpu=2', '+actor_rollout_ref.rollout.ttt_log_prob_micro_batch_size_per_gpu=2', '+actor_rollout_ref.rollout.ttt_temperature=1.0', '+actor_rollout_ref.rollout.ttt_response_length=5', 'actor_rollout_ref.rollout.name=hf', 'actor_rollout_ref.rollout.gpu_memory_utilization=0.9', 'actor_rollout_ref.rollout.n=1', 'trainer.balance_batch=False', 'trainer.default_local_dir=/n/fs/xw-hh/checkpoints/lact_rl/delta_net_sftrl_pt_ruler_hotpotqa_4096_32_valtttsft', 'trainer.val_before_train=True', 'trainer.val_only=True', 'trainer.n_gpus_per_node=4', 'trainer.nnodes=1', 'trainer.save_freq=24', 'trainer.test_freq=24', 'trainer.project_name=lact_rl', 'trainer.experiment_name=delta_net_sftrl_pt_ruler_hotpotqa_4096_32_valtttsft', 'trainer.logger=console', 'trainer.total_epochs=1']
Traceback (most recent call last):
  File "/n/fs/xw-hh/tttrl/verl/trainer/main_ppo.py", line 40, in main
    run_ppo(config)
  File "/n/fs/xw-hh/tttrl/verl/trainer/main_ppo.py", line 74, in run_ppo
    ray.get(runner.run.remote(config))
  File "/n/fs/wh-vlm/miniforge3/envs/lact_rl/lib/python3.12/site-packages/ray/_private/auto_init_hook.py", line 22, in auto_init_wrapper
    return fn(*args, **kwargs)
           ^^^^^^^^^^^^^^^^^^^
  File "/n/fs/wh-vlm/miniforge3/envs/lact_rl/lib/python3.12/site-packages/ray/_private/client_mode_hook.py", line 104, in wrapper
    return func(*args, **kwargs)
           ^^^^^^^^^^^^^^^^^^^^^
  File "/n/fs/wh-vlm/miniforge3/envs/lact_rl/lib/python3.12/site-packages/ray/_private/worker.py", line 2882, in get
    values, debugger_breakpoint = worker.get_objects(object_refs, timeout=timeout)
                                  ^^^^^^^^^^^^^^^^^^^^^^^^^^^^^^^^^^^^^^^^^^^^^^^^
  File "/n/fs/wh-vlm/miniforge3/envs/lact_rl/lib/python3.12/site-packages/ray/_private/worker.py", line 968, in get_objects
    raise value.as_instanceof_cause()
ray.exceptions.RayTaskError(OSError): [36mray::TaskRunner.run()[39m (pid=2739591, ip=172.17.32.116, actor_id=e9e819ef5696fd0c481d9c2a01000000, repr=<main_ppo.TaskRunner object at 0x7f82a07b0d10>)
           ^^^^^^^^^^^^^^^^^^^^^^^^^^^^^^^^^^^^
           ^^^^^^^^^^^^^^^^^^^^^^^^^^^^^^^
  File "/n/fs/xw-hh/tttrl/verl/trainer/main_ppo.py", line 236, in run
    trainer.fit()
  File "/n/fs/xw-hh/tttrl/verl/trainer/ppo/ray_trainer.py", line 1437, in fit
    val_metrics = self._validate()
                  ^^^^^^^^^^^^^^^^
  File "/n/fs/xw-hh/tttrl/verl/trainer/ppo/ray_trainer.py", line 982, in _validate
    self._inner_training_loop(ttt_batch, validation=True)
  File "/n/fs/xw-hh/tttrl/verl/trainer/ppo/ray_trainer.py", line 1260, in _inner_training_loop
    outputs = self.actor_rollout_wg.process_input_for_ttt(ppo_batch) # hidden_states, responses, entropys
              ^^^^^^^^^^^^^^^^^^^^^^^^^^^^^^^^^^^^^^^^^^^^^^^^^^^^^^
  File "/n/fs/xw-hh/tttrl/verl/single_controller/ray/base.py", line 50, in __call__
    output = ray.get(output)
             ^^^^^^^^^^^^^^^
           ^^^^^^^^^^^^^^^^^^^
           ^^^^^^^^^^^^^^^^^^^^^
                                  ^^^^^^^^^^^^^^^^^^^^^^^^^^^^^^^^^^^^^^^^^^^^^^^^
ray.exceptions.RayTaskError(OSError): [36mray::WorkerDict.actor_rollout_process_input_for_ttt()[39m (pid=2740761, ip=172.17.32.116, actor_id=e47320a3631f09043be7a27901000000, repr=<verl.single_controller.ray.base.WorkerDict object at 0x7f6c77b5baa0>)
           ^^^^^^^^^^^^^^^^^^^^^^^^^^^^^^^^^^^^
           ^^^^^^^^^^^^^^^^^^^^^^^^^^^^^^^
  File "/n/fs/xw-hh/tttrl/verl/single_controller/ray/base.py", line 705, in func
    return getattr(self.worker_dict[key], name)(*args, **kwargs)
           ^^^^^^^^^^^^^^^^^^^^^^^^^^^^^^^^^^^^^^^^^^^^^^^^^^^^^
  File "/n/fs/xw-hh/tttrl/verl/single_controller/base/decorator.py", line 514, in inner
    return func(*args, **kwargs)
           ^^^^^^^^^^^^^^^^^^^^^
  File "/n/fs/xw-hh/tttrl/verl/workers/fsdp_workers.py", line 949, in process_input_for_ttt
    hidden_states, entropys = self.actor.process_input_for_ttt(data=data)
                              ^^^^^^^^^^^^^^^^^^^^^^^^^^^^^^^^^^^^^^^^^^^
  File "/n/fs/xw-hh/tttrl/verl/utils/profiler/performance.py", line 89, in f
    return self.log(decorated_function, *args, **kwargs)
           ^^^^^^^^^^^^^^^^^^^^^^^^^^^^^^^^^^^^^^^^^^^^^
  File "/n/fs/xw-hh/tttrl/verl/utils/profiler/performance.py", line 102, in log
    output = func(*args, **kwargs)
             ^^^^^^^^^^^^^^^^^^^^^
  File "/n/fs/xw-hh/tttrl/verl/workers/actor/dp_actor.py", line 518, in process_input_for_ttt
    hidden_states, _, entropys, _ = self._forward_micro_batch_for_input_ttt(model_inputs, get_hidden_states=True, get_response=False, get_entropy=True, get_loss=False)
                                    ^^^^^^^^^^^^^^^^^^^^^^^^^^^^^^^^^^^^^^^^^^^^^^^^^^^^^^^^^^^^^^^^^^^^^^^^^^^^^^^^^^^^^^^^^^^^^^^^^^^^^^^^^^^^^^^^^^^^^^^^^^^^^^^^^^^
  File "/n/fs/xw-hh/tttrl/verl/workers/actor/dp_actor.py", line 320, in _forward_micro_batch_for_input_ttt
    output = self.actor_module(
             ^^^^^^^^^^^^^^^^^^
  File "/n/fs/wh-vlm/miniforge3/envs/lact_rl/lib/python3.12/site-packages/torch/nn/modules/module.py", line 1739, in _wrapped_call_impl
    return self._call_impl(*args, **kwargs)
           ^^^^^^^^^^^^^^^^^^^^^^^^^^^^^^^^
  File "/n/fs/wh-vlm/miniforge3/envs/lact_rl/lib/python3.12/site-packages/torch/nn/modules/module.py", line 1750, in _call_impl
    return forward_call(*args, **kwargs)
           ^^^^^^^^^^^^^^^^^^^^^^^^^^^^^
  File "/n/fs/wh-vlm/miniforge3/envs/lact_rl/lib/python3.12/site-packages/torch/distributed/fsdp/fully_sharded_data_parallel.py", line 864, in forward
    output = self._fsdp_wrapped_module(*args, **kwargs)
             ^^^^^^^^^^^^^^^^^^^^^^^^^^^^^^^^^^^^^^^^^^
  File "/n/fs/wh-vlm/miniforge3/envs/lact_rl/lib/python3.12/site-packages/torch/nn/modules/module.py", line 1739, in _wrapped_call_impl
    return self._call_impl(*args, **kwargs)
           ^^^^^^^^^^^^^^^^^^^^^^^^^^^^^^^^
  File "/n/fs/wh-vlm/miniforge3/envs/lact_rl/lib/python3.12/site-packages/torch/nn/modules/module.py", line 1750, in _call_impl
    return forward_call(*args, **kwargs)
           ^^^^^^^^^^^^^^^^^^^^^^^^^^^^^
  File "/n/fs/wh-vlm/miniforge3/envs/lact_rl/lib/python3.12/site-packages/transformers/utils/deprecation.py", line 172, in wrapped_func
    return func(*args, **kwargs)
           ^^^^^^^^^^^^^^^^^^^^^
  File "/n/fs/wh-vlm/miniforge3/envs/lact_rl/lib/python3.12/site-packages/fla/models/delta_net/modeling_delta_net.py", line 361, in forward
    outputs = self.model(
              ^^^^^^^^^^^
  File "/n/fs/wh-vlm/miniforge3/envs/lact_rl/lib/python3.12/site-packages/torch/nn/modules/module.py", line 1739, in _wrapped_call_impl
    return self._call_impl(*args, **kwargs)
           ^^^^^^^^^^^^^^^^^^^^^^^^^^^^^^^^
  File "/n/fs/wh-vlm/miniforge3/envs/lact_rl/lib/python3.12/site-packages/torch/nn/modules/module.py", line 1750, in _call_impl
    return forward_call(*args, **kwargs)
           ^^^^^^^^^^^^^^^^^^^^^^^^^^^^^
  File "/n/fs/wh-vlm/miniforge3/envs/lact_rl/lib/python3.12/site-packages/fla/models/delta_net/modeling_delta_net.py", line 231, in forward
    hidden_states, attentions, past_key_values = layer(
                                                 ^^^^^^
  File "/n/fs/wh-vlm/miniforge3/envs/lact_rl/lib/python3.12/site-packages/transformers/modeling_layers.py", line 93, in __call__
    return super().__call__(*args, **kwargs)
           ^^^^^^^^^^^^^^^^^^^^^^^^^^^^^^^^^
  File "/n/fs/wh-vlm/miniforge3/envs/lact_rl/lib/python3.12/site-packages/torch/nn/modules/module.py", line 1739, in _wrapped_call_impl
    return self._call_impl(*args, **kwargs)
           ^^^^^^^^^^^^^^^^^^^^^^^^^^^^^^^^
  File "/n/fs/wh-vlm/miniforge3/envs/lact_rl/lib/python3.12/site-packages/torch/nn/modules/module.py", line 1750, in _call_impl
    return forward_call(*args, **kwargs)
           ^^^^^^^^^^^^^^^^^^^^^^^^^^^^^
  File "/n/fs/wh-vlm/miniforge3/envs/lact_rl/lib/python3.12/site-packages/fla/models/delta_net/modeling_delta_net.py", line 94, in forward
    hidden_states, attentions, past_key_values = self.attn(
                                                 ^^^^^^^^^^
  File "/n/fs/wh-vlm/miniforge3/envs/lact_rl/lib/python3.12/site-packages/torch/nn/modules/module.py", line 1739, in _wrapped_call_impl
    return self._call_impl(*args, **kwargs)
           ^^^^^^^^^^^^^^^^^^^^^^^^^^^^^^^^
  File "/n/fs/wh-vlm/miniforge3/envs/lact_rl/lib/python3.12/site-packages/torch/nn/modules/module.py", line 1750, in _call_impl
    return forward_call(*args, **kwargs)
           ^^^^^^^^^^^^^^^^^^^^^^^^^^^^^
  File "/n/fs/wh-vlm/miniforge3/envs/lact_rl/lib/python3.12/site-packages/fla/layers/delta_net.py", line 259, in forward
    o, recurrent_state = chunk_delta_rule(
                         ^^^^^^^^^^^^^^^^^
  File "/n/fs/wh-vlm/miniforge3/envs/lact_rl/lib/python3.12/site-packages/torch/_dynamo/eval_frame.py", line 745, in _fn
    return fn(*args, **kwargs)
           ^^^^^^^^^^^^^^^^^^^
  File "/n/fs/wh-vlm/miniforge3/envs/lact_rl/lib/python3.12/site-packages/fla/ops/delta_rule/chunk.py", line 300, in chunk_delta_rule
    o, final_state = ChunkDeltaRuleFunction.apply(
                     ^^^^^^^^^^^^^^^^^^^^^^^^^^^^^
  File "/n/fs/wh-vlm/miniforge3/envs/lact_rl/lib/python3.12/site-packages/torch/autograd/function.py", line 575, in apply
    return super().apply(*args, **kwargs)  # type: ignore[misc]
           ^^^^^^^^^^^^^^^^^^^^^^^^^^^^^^
  File "/n/fs/wh-vlm/miniforge3/envs/lact_rl/lib/python3.12/site-packages/fla/utils.py", line 159, in wrapper
    return fn(*contiguous_args, **contiguous_kwargs)
           ^^^^^^^^^^^^^^^^^^^^^^^^^^^^^^^^^^^^^^^^^
  File "/n/fs/wh-vlm/miniforge3/envs/lact_rl/lib/python3.12/site-packages/torch/amp/autocast_mode.py", line 503, in decorate_fwd
    return fwd(*args, **kwargs)
           ^^^^^^^^^^^^^^^^^^^^
  File "/n/fs/wh-vlm/miniforge3/envs/lact_rl/lib/python3.12/site-packages/fla/ops/delta_rule/chunk.py", line 152, in forward
    o, A, final_state = chunk_delta_rule_fwd(
                        ^^^^^^^^^^^^^^^^^^^^^
  File "/n/fs/wh-vlm/miniforge3/envs/lact_rl/lib/python3.12/site-packages/fla/ops/delta_rule/chunk.py", line 27, in chunk_delta_rule_fwd
    w, u, A = prepare_wy_repr_fwd(
              ^^^^^^^^^^^^^^^^^^^^
  File "/n/fs/wh-vlm/miniforge3/envs/lact_rl/lib/python3.12/site-packages/fla/ops/delta_rule/wy_fast.py", line 186, in prepare_wy_repr_fwd
    A = chunk_scaled_dot_kkt_fwd(
        ^^^^^^^^^^^^^^^^^^^^^^^^^
  File "/n/fs/wh-vlm/miniforge3/envs/lact_rl/lib/python3.12/site-packages/fla/ops/common/chunk_scaled_dot_kkt.py", line 256, in chunk_scaled_dot_kkt_fwd
    chunk_scaled_dot_kkt_fwd_kernel[(NT, B * H)](
  File "/n/fs/wh-vlm/miniforge3/envs/lact_rl/lib/python3.12/site-packages/triton/runtime/jit.py", line 330, in <lambda>
    return lambda *args, **kwargs: self.run(grid=grid, warmup=False, *args, **kwargs)
                                   ^^^^^^^^^^^^^^^^^^^^^^^^^^^^^^^^^^^^^^^^^^^^^^^^^^
  File "/n/fs/wh-vlm/miniforge3/envs/lact_rl/lib/python3.12/site-packages/triton/runtime/autotuner.py", line 385, in run
    return self.fn.run(*args, **kwargs)
           ^^^^^^^^^^^^^^^^^^^^^^^^^^^^
  File "/n/fs/wh-vlm/miniforge3/envs/lact_rl/lib/python3.12/site-packages/triton/runtime/autotuner.py", line 186, in run
    timings = {config: self._bench(*args, config=config, **kwargs) for config in pruned_configs}
                       ^^^^^^^^^^^^^^^^^^^^^^^^^^^^^^^^^^^^^^^^^^^
  File "/n/fs/wh-vlm/miniforge3/envs/lact_rl/lib/python3.12/site-packages/triton/runtime/autotuner.py", line 166, in _bench
    return self.do_bench(kernel_call, quantiles=(0.5, 0.2, 0.8))
           ^^^^^^^^^^^^^^^^^^^^^^^^^^^^^^^^^^^^^^^^^^^^^^^^^^^^^
  File "/n/fs/wh-vlm/miniforge3/envs/lact_rl/lib/python3.12/site-packages/triton/testing.py", line 117, in do_bench
    fn()
  File "/n/fs/wh-vlm/miniforge3/envs/lact_rl/lib/python3.12/site-packages/triton/runtime/autotuner.py", line 152, in kernel_call
    self.fn.run(
  File "/n/fs/wh-vlm/miniforge3/envs/lact_rl/lib/python3.12/site-packages/triton/runtime/jit.py", line 623, in run
    kernel = self.compile(
             ^^^^^^^^^^^^^
  File "/n/fs/wh-vlm/miniforge3/envs/lact_rl/lib/python3.12/site-packages/triton/compiler/compiler.py", line 303, in compile
    return CompiledKernel(src, metadata_group, hash)
           ^^^^^^^^^^^^^^^^^^^^^^^^^^^^^^^^^^^^^^^^^
  File "/n/fs/wh-vlm/miniforge3/envs/lact_rl/lib/python3.12/site-packages/triton/compiler/compiler.py", line 369, in __init__
    file.suffix[1:]: file.read_bytes() if file.suffix[1:] == binary_ext else file.read_text()
                     ^^^^^^^^^^^^^^^^^
  File "/n/fs/wh-vlm/miniforge3/envs/lact_rl/lib/python3.12/pathlib.py", line 1021, in read_bytes
    return f.read()
           ^^^^^^^^
OSError: [Errno 116] Stale file handle

Set the environment variable HYDRA_FULL_ERROR=1 for a complete stack trace.
srun: error: neu316: task 0: Exited with exit code 1
