[2026-01-20T12:55:43.570] error: execve(): ray: No such file or directory
srun: error: neu306: task 0: Exited with exit code 2
+ unset ROCR_VISIBLE_DEVICES
+ unset HIP_VISIBLE_DEVICES
+ export CUDA_VISIBLE_DEVICES=0,1,2,3
+ CUDA_VISIBLE_DEVICES=0,1,2,3
+ export HF_HOME=/n/fs/wh-vlm/cache/huggingface
+ HF_HOME=/n/fs/wh-vlm/cache/huggingface
+ max_lengths=(4096 8192 16384)
+ TTT_RL=0
+ TTT_SFT=0
+ TASK_RL=0
+ TASK_SFT=0
+ VAL_TTT_RL=0
+ VAL_TTT_SFT=0
+ dataset=hotpotqa
+ MODEL=delta_net
+ VAL_BEFORE_TRAIN=1
+ VAL_ONLY=1
+ max_seq_length=8192
+ '[' delta_net == lact ']'
+ '[' delta_net == lact_sft ']'
+ '[' delta_net == lact_sftrl ']'
+ '[' delta_net == lact_sftrl_pt ']'
+ '[' delta_net == delta_net ']'
+ model_name=delta_net
+ model_tag=delta_net
+ model_path=/n/fs/visualai-scr/Models/will/delta_net-1.3B-100B
+ export TRITON_CACHE_DIR=/n/fs/xw-hh/triton/cache
+ TRITON_CACHE_DIR=/n/fs/xw-hh/triton/cache
+ train_files=/n/fs/xw-hh/tttrl_data/data/ruler/ruler_hotpotqa_delta_net_8192_1600_train.parquet
+ val_files=/n/fs/xw-hh/tttrl_data/data/ruler/ruler_hotpotqa_delta_net_8192_200_test.parquet
+ custom_reward_function_path=/n/fs/xw-hh/tttrl/verl/utils/reward_score/ruler.py
+ max_response_length=32
+ max_prompt_length=8160
+ NGPU=4
+ save_freq=24
+ test_freq=24
+ total_epochs=1
+ train_batch_size=64
+ val_batch_size=8
+ task_ppo_mini_batch_size=16
+ task_ppo_micro_batch_size_per_gpu=2
+ task_log_prob_micro_batch_size_per_gpu=2
+ n=1
+ '[' 0 == 1 ']'
+ '[' 0 == 0 ']'
+ task_sft_update=False
+ '[' 0 == 1 ']'
+ '[' 0 == 0 ']'
+ task_update=True
+ task_ppo_update=False
+ '[' 0 == 0 ']'
+ ttt_sft_update=False
+ ttt_ppo_update=False
+ '[' delta_net == lact_sftrl_pt
/var/spool/slurmd/job2477621/slurm_script: line 186: [: missing `]'
+ delta_net == delta_net_sftrl_pt ']'
/var/spool/slurmd/job2477621/slurm_script: line 186: delta_net: command not found
+ ttt_ppo_mini_batch_size=16
+ ttt_reward=hybrid
+ ttt_ppo_loss_coef=0.2
+ ttt_ppo_micro_batch_size_per_gpu=2
+ ttt_log_prob_micro_batch_size_per_gpu=2
+ ttt_k=5
+ ttt_n=1
+ ttt_temperature=1.0
+ ttt_sft_loss_coef=1.0
+ ttt_n_chunks=8
+ '[' 1 == 1 ']'
+ val_only=True
+ '[' 1 == 1 ']'
+ val_before_train=True
+ '[' 0 == 0 ']'
+ val_ttt_sft_update=False
+ val_ttt_ppo_update=False
+ '[' 0 == 1 ']'
+ '[' 0 == 1 ']'
+ task_tag=
+ '[' 0 == 1 ']'
+ '[' 0 == 1 ']'
+ ttt_tag=
+ '[' 0 == 1 ']'
+ '[' 0 == 1 ']'
+ val_ttt_tag=
+ project_name=lact_rl
+ experiment_name=delta_net_ruler_hotpotqa_8192_32
+ ckpt_dir=/n/fs/xw-hh/checkpoints/lact_rl/delta_net_ruler_hotpotqa_8192_32
+ logger=console
+ cd /n/fs/xw-hh/tttrl/
+ source /n/fs/wh-vlm/miniforge3/etc/profile.d/conda.sh
++ export CONDA_EXE=/n/fs/wh-vlm/miniforge3/bin/conda
++ CONDA_EXE=/n/fs/wh-vlm/miniforge3/bin/conda
++ export _CE_M=
++ _CE_M=
++ export _CE_CONDA=
++ _CE_CONDA=
++ export CONDA_PYTHON_EXE=/n/fs/wh-vlm/miniforge3/bin/python
++ CONDA_PYTHON_EXE=/n/fs/wh-vlm/miniforge3/bin/python
++ '[' -z '' ']'
++ export CONDA_SHLVL=0
++ CONDA_SHLVL=0
++ '[' -n '' ']'
++++ dirname /n/fs/wh-vlm/miniforge3/bin/conda
+++ dirname /n/fs/wh-vlm/miniforge3/bin
++ PATH=/n/fs/wh-vlm/miniforge3/condabin:/u/hh2605/bin:/auto/u/hh2605/.cursor-server/cli/servers/Stable-cf858ca030e9c9a99ea444ec6efcbcfc40bfda70/server/bin/remote-cli:/u/hh2605/.local/bin:/u/hh2605/bin:/usr/share/Modules/bin:/u/hh2605/bin:/usr/local/bin:/usr/bin:/usr/local/sbin:/usr/sbin:/opt/puppetlabs/bin
++ export PATH
++ '[' -z '' ']'
++ PS1=
+ conda activate lact_rl
+ local cmd=activate
+ case "$cmd" in
+ __conda_activate activate lact_rl
+ '[' -n '' ']'
+ local ask_conda
++ PS1=
++ __conda_exe shell.posix activate lact_rl
++ /n/fs/wh-vlm/miniforge3/bin/conda shell.posix activate lact_rl
+ ask_conda='PS1='\''(lact_rl) '\''
export PATH='\''/n/fs/wh-vlm/miniforge3/envs/lact_rl/bin:/n/fs/wh-vlm/miniforge3/condabin:/u/hh2605/bin:/auto/u/hh2605/.cursor-server/cli/servers/Stable-cf858ca030e9c9a99ea444ec6efcbcfc40bfda70/server/bin/remote-cli:/u/hh2605/.local/bin:/u/hh2605/bin:/usr/share/Modules/bin:/u/hh2605/bin:/usr/local/bin:/usr/bin:/usr/local/sbin:/usr/sbin:/opt/puppetlabs/bin'\''
export CONDA_PREFIX='\''/n/fs/wh-vlm/miniforge3/envs/lact_rl'\''
export CONDA_SHLVL='\''1'\''
export CONDA_DEFAULT_ENV='\''lact_rl'\''
export CONDA_PROMPT_MODIFIER='\''(lact_rl) '\''
export CONDA_EXE='\''/n/fs/wh-vlm/miniforge3/bin/conda'\''
export _CE_M='\'''\''
export _CE_CONDA='\'''\''
export CONDA_PYTHON_EXE='\''/n/fs/wh-vlm/miniforge3/bin/python'\'''
+ eval 'PS1='\''(lact_rl) '\''
export PATH='\''/n/fs/wh-vlm/miniforge3/envs/lact_rl/bin:/n/fs/wh-vlm/miniforge3/condabin:/u/hh2605/bin:/auto/u/hh2605/.cursor-server/cli/servers/Stable-cf858ca030e9c9a99ea444ec6efcbcfc40bfda70/server/bin/remote-cli:/u/hh2605/.local/bin:/u/hh2605/bin:/usr/share/Modules/bin:/u/hh2605/bin:/usr/local/bin:/usr/bin:/usr/local/sbin:/usr/sbin:/opt/puppetlabs/bin'\''
export CONDA_PREFIX='\''/n/fs/wh-vlm/miniforge3/envs/lact_rl'\''
export CONDA_SHLVL='\''1'\''
export CONDA_DEFAULT_ENV='\''lact_rl'\''
export CONDA_PROMPT_MODIFIER='\''(lact_rl) '\''
export CONDA_EXE='\''/n/fs/wh-vlm/miniforge3/bin/conda'\''
export _CE_M='\'''\''
export _CE_CONDA='\'''\''
export CONDA_PYTHON_EXE='\''/n/fs/wh-vlm/miniforge3/bin/python'\'''
++ PS1='(lact_rl) '
++ export PATH=/n/fs/wh-vlm/miniforge3/envs/lact_rl/bin:/n/fs/wh-vlm/miniforge3/condabin:/u/hh2605/bin:/auto/u/hh2605/.cursor-server/cli/servers/Stable-cf858ca030e9c9a99ea444ec6efcbcfc40bfda70/server/bin/remote-cli:/u/hh2605/.local/bin:/u/hh2605/bin:/usr/share/Modules/bin:/u/hh2605/bin:/usr/local/bin:/usr/bin:/usr/local/sbin:/usr/sbin:/opt/puppetlabs/bin
++ PATH=/n/fs/wh-vlm/miniforge3/envs/lact_rl/bin:/n/fs/wh-vlm/miniforge3/condabin:/u/hh2605/bin:/auto/u/hh2605/.cursor-server/cli/servers/Stable-cf858ca030e9c9a99ea444ec6efcbcfc40bfda70/server/bin/remote-cli:/u/hh2605/.local/bin:/u/hh2605/bin:/usr/share/Modules/bin:/u/hh2605/bin:/usr/local/bin:/usr/bin:/usr/local/sbin:/usr/sbin:/opt/puppetlabs/bin
++ export CONDA_PREFIX=/n/fs/wh-vlm/miniforge3/envs/lact_rl
++ CONDA_PREFIX=/n/fs/wh-vlm/miniforge3/envs/lact_rl
++ export CONDA_SHLVL=1
++ CONDA_SHLVL=1
++ export CONDA_DEFAULT_ENV=lact_rl
++ CONDA_DEFAULT_ENV=lact_rl
++ export 'CONDA_PROMPT_MODIFIER=(lact_rl) '
++ CONDA_PROMPT_MODIFIER='(lact_rl) '
++ export CONDA_EXE=/n/fs/wh-vlm/miniforge3/bin/conda
++ CONDA_EXE=/n/fs/wh-vlm/miniforge3/bin/conda
++ export _CE_M=
++ _CE_M=
++ export _CE_CONDA=
++ _CE_CONDA=
++ export CONDA_PYTHON_EXE=/n/fs/wh-vlm/miniforge3/bin/python
++ CONDA_PYTHON_EXE=/n/fs/wh-vlm/miniforge3/bin/python
+ __conda_hashr
+ '[' -n '' ']'
+ '[' -n '' ']'
+ hash -r
+ PYTHONUNBUFFERED=1
+ srun --overlap --nodes=1 --ntasks=1 -w neu306 python3 -m verl.trainer.main_ppo algorithm.adv_estimator=grpo +algorithm.task_sft_update=False +algorithm.task_ppo_update=False +algorithm.ttt_sft_update=False +algorithm.ttt_ppo_update=False +algorithm.val_ttt_ppo_update=False +algorithm.val_ttt_sft_update=False custom_reward_function.path=/n/fs/xw-hh/tttrl/verl/utils/reward_score/ruler.py data.train_files=/n/fs/xw-hh/tttrl_data/data/ruler/ruler_hotpotqa_delta_net_8192_1600_train.parquet data.val_files=/n/fs/xw-hh/tttrl_data/data/ruler/ruler_hotpotqa_delta_net_8192_200_test.parquet data.prompt_key=prompt +data.answer_key=answer +data.data_source_key=task data.custom_cls.path=/n/fs/xw-hh/tttrl/verl/utils/dataset/rl_dataset.py data.custom_cls.name=TTTRLHFDataset data.train_batch_size=64 data.val_batch_size=8 data.max_prompt_length=8160 data.max_response_length=32 actor_rollout_ref.model.path=/n/fs/visualai-scr/Models/will/delta_net-1.3B-100B +actor_rollout_ref.actor.ttt_n_chunks=8 +actor_rollout_ref.actor.ttt_n=1 +actor_rollout_ref.actor.ttt_reward=hybrid +actor_rollout_ref.actor.ttt_sft_loss_coef=1.0 +actor_rollout_ref.actor.ttt_ppo_loss_coef=0.2 +actor_rollout_ref.actor.ttt_ppo_mini_batch_size=16 +actor_rollout_ref.actor.ttt_ppo_micro_batch_size_per_gpu=2 actor_rollout_ref.actor.ppo_mini_batch_size=16 actor_rollout_ref.actor.ppo_micro_batch_size_per_gpu=2 actor_rollout_ref.rollout.log_prob_micro_batch_size_per_gpu=2 +actor_rollout_ref.rollout.ttt_log_prob_micro_batch_size_per_gpu=2 +actor_rollout_ref.rollout.ttt_temperature=1.0 +actor_rollout_ref.rollout.ttt_response_length=5 actor_rollout_ref.rollout.name=hf actor_rollout_ref.rollout.gpu_memory_utilization=0.9 actor_rollout_ref.rollout.n=1 trainer.balance_batch=False trainer.default_local_dir=/n/fs/xw-hh/checkpoints/lact_rl/delta_net_ruler_hotpotqa_8192_32 trainer.val_before_train=True trainer.val_only=True trainer.n_gpus_per_node=4 trainer.nnodes=1 trainer.save_freq=24 trainer.test_freq=24 trainer.project_name=lact_rl trainer.experiment_name=delta_net_ruler_hotpotqa_8192_32 trainer.logger=console trainer.total_epochs=1
2026-01-20 12:56:05,875	INFO worker.py:1942 -- Started a local Ray instance. View the dashboard at [1m[32mhttp://127.0.0.1:8265 [39m[22m
[36m(TaskRunner pid=1939049)[0m DeprecationWarning: `ray.state.available_resources_per_node` is a private attribute and access will be removed in a future Ray version.
[36m(TaskRunner pid=1939049)[0m WARNING:2026-01-20 12:56:15,826:Waiting for register center actor sFGF0S_register_center to be ready. Elapsed time: 0 seconds out of 300 seconds.
Error executing job with overrides: ['algorithm.adv_estimator=grpo', '+algorithm.task_sft_update=False', '+algorithm.task_ppo_update=False', '+algorithm.ttt_sft_update=False', '+algorithm.ttt_ppo_update=False', '+algorithm.val_ttt_ppo_update=False', '+algorithm.val_ttt_sft_update=False', 'custom_reward_function.path=/n/fs/xw-hh/tttrl/verl/utils/reward_score/ruler.py', 'data.train_files=/n/fs/xw-hh/tttrl_data/data/ruler/ruler_hotpotqa_delta_net_8192_1600_train.parquet', 'data.val_files=/n/fs/xw-hh/tttrl_data/data/ruler/ruler_hotpotqa_delta_net_8192_200_test.parquet', 'data.prompt_key=prompt', '+data.answer_key=answer', '+data.data_source_key=task', 'data.custom_cls.path=/n/fs/xw-hh/tttrl/verl/utils/dataset/rl_dataset.py', 'data.custom_cls.name=TTTRLHFDataset', 'data.train_batch_size=64', 'data.val_batch_size=8', 'data.max_prompt_length=8160', 'data.max_response_length=32', 'actor_rollout_ref.model.path=/n/fs/visualai-scr/Models/will/delta_net-1.3B-100B', '+actor_rollout_ref.actor.ttt_n_chunks=8', '+actor_rollout_ref.actor.ttt_n=1', '+actor_rollout_ref.actor.ttt_reward=hybrid', '+actor_rollout_ref.actor.ttt_sft_loss_coef=1.0', '+actor_rollout_ref.actor.ttt_ppo_loss_coef=0.2', '+actor_rollout_ref.actor.ttt_ppo_mini_batch_size=16', '+actor_rollout_ref.actor.ttt_ppo_micro_batch_size_per_gpu=2', 'actor_rollout_ref.actor.ppo_mini_batch_size=16', 'actor_rollout_ref.actor.ppo_micro_batch_size_per_gpu=2', 'actor_rollout_ref.rollout.log_prob_micro_batch_size_per_gpu=2', '+actor_rollout_ref.rollout.ttt_log_prob_micro_batch_size_per_gpu=2', '+actor_rollout_ref.rollout.ttt_temperature=1.0', '+actor_rollout_ref.rollout.ttt_response_length=5', 'actor_rollout_ref.rollout.name=hf', 'actor_rollout_ref.rollout.gpu_memory_utilization=0.9', 'actor_rollout_ref.rollout.n=1', 'trainer.balance_batch=False', 'trainer.default_local_dir=/n/fs/xw-hh/checkpoints/lact_rl/delta_net_ruler_hotpotqa_8192_32', 'trainer.val_before_train=True', 'trainer.val_only=True', 'trainer.n_gpus_per_node=4', 'trainer.nnodes=1', 'trainer.save_freq=24', 'trainer.test_freq=24', 'trainer.project_name=lact_rl', 'trainer.experiment_name=delta_net_ruler_hotpotqa_8192_32', 'trainer.logger=console', 'trainer.total_epochs=1']
Traceback (most recent call last):
  File "/n/fs/xw-hh/tttrl/verl/trainer/main_ppo.py", line 40, in main
    run_ppo(config)
  File "/n/fs/xw-hh/tttrl/verl/trainer/main_ppo.py", line 74, in run_ppo
    ray.get(runner.run.remote(config))
  File "/n/fs/wh-vlm/miniforge3/envs/lact_rl/lib/python3.12/site-packages/ray/_private/auto_init_hook.py", line 22, in auto_init_wrapper
    return fn(*args, **kwargs)
           ^^^^^^^^^^^^^^^^^^^
  File "/n/fs/wh-vlm/miniforge3/envs/lact_rl/lib/python3.12/site-packages/ray/_private/client_mode_hook.py", line 104, in wrapper
    return func(*args, **kwargs)
           ^^^^^^^^^^^^^^^^^^^^^
  File "/n/fs/wh-vlm/miniforge3/envs/lact_rl/lib/python3.12/site-packages/ray/_private/worker.py", line 2882, in get
    values, debugger_breakpoint = worker.get_objects(object_refs, timeout=timeout)
                                  ^^^^^^^^^^^^^^^^^^^^^^^^^^^^^^^^^^^^^^^^^^^^^^^^
  File "/n/fs/wh-vlm/miniforge3/envs/lact_rl/lib/python3.12/site-packages/ray/_private/worker.py", line 968, in get_objects
    raise value.as_instanceof_cause()
ray.exceptions.RayTaskError(RuntimeError): [36mray::TaskRunner.run()[39m (pid=1939049, ip=172.17.32.106, actor_id=ea5a2fe5c2eb2355f42aac1e01000000, repr=<main_ppo.TaskRunner object at 0x7f5642570a10>)
           ^^^^^^^^^^^^^^^^^^^^^^^^^^^^^^^^^^^^
           ^^^^^^^^^^^^^^^^^^^^^^^^^^^^^^^
  File "/n/fs/xw-hh/tttrl/verl/trainer/main_ppo.py", line 236, in run
    trainer.fit()
  File "/n/fs/xw-hh/tttrl/verl/trainer/ppo/ray_trainer.py", line 1437, in fit
    val_metrics = self._validate()
                  ^^^^^^^^^^^^^^^^
  File "/n/fs/xw-hh/tttrl/verl/trainer/ppo/ray_trainer.py", line 990, in _validate
    test_gen_batch_output = self.actor_rollout_wg.generate_sequences(test_gen_batch)
                        ^^^^^^^^^^^^^^^^^^^^^^^^^^^^^^^^^^^^^^^^^^^^^^^^^^^^^^^^
  File "/n/fs/xw-hh/tttrl/verl/single_controller/ray/base.py", line 50, in __call__
    output = ray.get(output)
             ^^^^^^^^^^^^^^^
           ^^^^^^^^^^^^^^^^^^^
           ^^^^^^^^^^^^^^^^^^^^^
                                  ^^^^^^^^^^^^^^^^^^^^^^^^^^^^^^^^^^^^^^^^^^^^^^^^
ray.exceptions.RayTaskError(RuntimeError): [36mray::WorkerDict.actor_rollout_generate_sequences()[39m (pid=1942726, ip=172.17.32.106, actor_id=fa2bd67a11106240040978fc01000000, repr=<verl.single_controller.ray.base.WorkerDict object at 0x7f6cba34bb90>)
  File "/n/fs/wh-vlm/miniforge3/envs/lact_rl/lib/python3.12/site-packages/torch/distributed/fsdp/_unshard_param_utils.py", line 266, in _unshard_params_for_summon
    yield
  File "/n/fs/wh-vlm/miniforge3/envs/lact_rl/lib/python3.12/site-packages/torch/distributed/fsdp/_unshard_param_utils.py", line 305, in _unshard_params
    yield
  File "/n/fs/wh-vlm/miniforge3/envs/lact_rl/lib/python3.12/site-packages/torch/distributed/fsdp/fully_sharded_data_parallel.py", line 942, in summon_full_params
    yield
  File "/n/fs/xw-hh/tttrl/verl/workers/rollout/hf_rollout.py", line 57, in generate_sequences
    output = self._generate_minibatch(p)
             ^^^^^^^^^^^^^^^^^^^^^^^^^^^
  File "/n/fs/wh-vlm/miniforge3/envs/lact_rl/lib/python3.12/site-packages/torch/utils/_contextlib.py", line 116, in decorate_context
    return func(*args, **kwargs)
           ^^^^^^^^^^^^^^^^^^^^^
  File "/n/fs/xw-hh/tttrl/verl/workers/rollout/hf_rollout.py", line 125, in _generate_minibatch
    output = self.module.generate(
             ^^^^^^^^^^^^^^^^^^^^^
  File "/n/fs/wh-vlm/miniforge3/envs/lact_rl/lib/python3.12/site-packages/fla/models/delta_net/modeling_delta_net.py", line 293, in generate
    return super().generate(*args, **kwargs)
           ^^^^^^^^^^^^^^^^^^^^^^^^^^^^^^^^^
  File "/n/fs/wh-vlm/miniforge3/envs/lact_rl/lib/python3.12/site-packages/torch/utils/_contextlib.py", line 116, in decorate_context
    return func(*args, **kwargs)
           ^^^^^^^^^^^^^^^^^^^^^
  File "/n/fs/wh-vlm/miniforge3/envs/lact_rl/lib/python3.12/site-packages/transformers/generation/utils.py", line 2617, in generate
    result = self._sample(
             ^^^^^^^^^^^^^
  File "/n/fs/wh-vlm/miniforge3/envs/lact_rl/lib/python3.12/site-packages/transformers/generation/utils.py", line 3598, in _sample
    outputs = self(**model_inputs, return_dict=True)
              ^^^^^^^^^^^^^^^^^^^^^^^^^^^^^^^^^^^^^^
  File "/n/fs/wh-vlm/miniforge3/envs/lact_rl/lib/python3.12/site-packages/torch/nn/modules/module.py", line 1739, in _wrapped_call_impl
    return self._call_impl(*args, **kwargs)
           ^^^^^^^^^^^^^^^^^^^^^^^^^^^^^^^^
  File "/n/fs/wh-vlm/miniforge3/envs/lact_rl/lib/python3.12/site-packages/torch/nn/modules/module.py", line 1750, in _call_impl
    return forward_call(*args, **kwargs)
           ^^^^^^^^^^^^^^^^^^^^^^^^^^^^^
  File "/n/fs/wh-vlm/miniforge3/envs/lact_rl/lib/python3.12/site-packages/transformers/utils/deprecation.py", line 172, in wrapped_func
    return func(*args, **kwargs)
           ^^^^^^^^^^^^^^^^^^^^^
  File "/n/fs/wh-vlm/miniforge3/envs/lact_rl/lib/python3.12/site-packages/fla/models/delta_net/modeling_delta_net.py", line 361, in forward
    outputs = self.model(
              ^^^^^^^^^^^
  File "/n/fs/wh-vlm/miniforge3/envs/lact_rl/lib/python3.12/site-packages/torch/nn/modules/module.py", line 1739, in _wrapped_call_impl
    return self._call_impl(*args, **kwargs)
           ^^^^^^^^^^^^^^^^^^^^^^^^^^^^^^^^
  File "/n/fs/wh-vlm/miniforge3/envs/lact_rl/lib/python3.12/site-packages/torch/nn/modules/module.py", line 1750, in _call_impl
    return forward_call(*args, **kwargs)
           ^^^^^^^^^^^^^^^^^^^^^^^^^^^^^
  File "/n/fs/wh-vlm/miniforge3/envs/lact_rl/lib/python3.12/site-packages/fla/models/delta_net/modeling_delta_net.py", line 231, in forward
    hidden_states, attentions, past_key_values = layer(
                                                 ^^^^^^
  File "/n/fs/wh-vlm/miniforge3/envs/lact_rl/lib/python3.12/site-packages/transformers/modeling_layers.py", line 93, in __call__
    return super().__call__(*args, **kwargs)
           ^^^^^^^^^^^^^^^^^^^^^^^^^^^^^^^^^
  File "/n/fs/wh-vlm/miniforge3/envs/lact_rl/lib/python3.12/site-packages/torch/nn/modules/module.py", line 1739, in _wrapped_call_impl
    return self._call_impl(*args, **kwargs)
           ^^^^^^^^^^^^^^^^^^^^^^^^^^^^^^^^
  File "/n/fs/wh-vlm/miniforge3/envs/lact_rl/lib/python3.12/site-packages/torch/nn/modules/module.py", line 1750, in _call_impl
    return forward_call(*args, **kwargs)
           ^^^^^^^^^^^^^^^^^^^^^^^^^^^^^
  File "/n/fs/wh-vlm/miniforge3/envs/lact_rl/lib/python3.12/site-packages/fla/models/delta_net/modeling_delta_net.py", line 94, in forward
    hidden_states, attentions, past_key_values = self.attn(
                                                 ^^^^^^^^^^
  File "/n/fs/wh-vlm/miniforge3/envs/lact_rl/lib/python3.12/site-packages/torch/nn/modules/module.py", line 1739, in _wrapped_call_impl
    return self._call_impl(*args, **kwargs)
           ^^^^^^^^^^^^^^^^^^^^^^^^^^^^^^^^
  File "/n/fs/wh-vlm/miniforge3/envs/lact_rl/lib/python3.12/site-packages/torch/nn/modules/module.py", line 1750, in _call_impl
    return forward_call(*args, **kwargs)
           ^^^^^^^^^^^^^^^^^^^^^^^^^^^^^
  File "/n/fs/wh-vlm/miniforge3/envs/lact_rl/lib/python3.12/site-packages/fla/layers/delta_net.py", line 259, in forward
    o, recurrent_state = chunk_delta_rule(
                         ^^^^^^^^^^^^^^^^^
  File "/n/fs/wh-vlm/miniforge3/envs/lact_rl/lib/python3.12/site-packages/torch/_dynamo/eval_frame.py", line 745, in _fn
    return fn(*args, **kwargs)
           ^^^^^^^^^^^^^^^^^^^
  File "/n/fs/wh-vlm/miniforge3/envs/lact_rl/lib/python3.12/site-packages/fla/ops/delta_rule/chunk.py", line 300, in chunk_delta_rule
    o, final_state = ChunkDeltaRuleFunction.apply(
                     ^^^^^^^^^^^^^^^^^^^^^^^^^^^^^
  File "/n/fs/wh-vlm/miniforge3/envs/lact_rl/lib/python3.12/site-packages/torch/autograd/function.py", line 575, in apply
    return super().apply(*args, **kwargs)  # type: ignore[misc]
           ^^^^^^^^^^^^^^^^^^^^^^^^^^^^^^
  File "/n/fs/wh-vlm/miniforge3/envs/lact_rl/lib/python3.12/site-packages/fla/utils.py", line 159, in wrapper
    return fn(*contiguous_args, **contiguous_kwargs)
           ^^^^^^^^^^^^^^^^^^^^^^^^^^^^^^^^^^^^^^^^^
  File "/n/fs/wh-vlm/miniforge3/envs/lact_rl/lib/python3.12/site-packages/torch/amp/autocast_mode.py", line 503, in decorate_fwd
    return fwd(*args, **kwargs)
           ^^^^^^^^^^^^^^^^^^^^
  File "/n/fs/wh-vlm/miniforge3/envs/lact_rl/lib/python3.12/site-packages/fla/ops/delta_rule/chunk.py", line 147, in forward
    q, q_rstd = l2norm_fwd(q)
                ^^^^^^^^^^^^^
  File "/n/fs/wh-vlm/miniforge3/envs/lact_rl/lib/python3.12/site-packages/fla/modules/l2norm.py", line 169, in l2norm_fwd
    l2norm_fwd_kernel[grid](
  File "/n/fs/wh-vlm/miniforge3/envs/lact_rl/lib/python3.12/site-packages/triton/runtime/jit.py", line 330, in <lambda>
    return lambda *args, **kwargs: self.run(grid=grid, warmup=False, *args, **kwargs)
                                   ^^^^^^^^^^^^^^^^^^^^^^^^^^^^^^^^^^^^^^^^^^^^^^^^^^
  File "/n/fs/wh-vlm/miniforge3/envs/lact_rl/lib/python3.12/site-packages/triton/runtime/autotuner.py", line 186, in run
    timings = {config: self._bench(*args, config=config, **kwargs) for config in pruned_configs}
                       ^^^^^^^^^^^^^^^^^^^^^^^^^^^^^^^^^^^^^^^^^^^
  File "/n/fs/wh-vlm/miniforge3/envs/lact_rl/lib/python3.12/site-packages/triton/runtime/autotuner.py", line 166, in _bench
    return self.do_bench(kernel_call, quantiles=(0.5, 0.2, 0.8))
           ^^^^^^^^^^^^^^^^^^^^^^^^^^^^^^^^^^^^^^^^^^^^^^^^^^^^^
  File "/n/fs/wh-vlm/miniforge3/envs/lact_rl/lib/python3.12/site-packages/triton/testing.py", line 156, in do_bench
    di.synchronize()
  File "/n/fs/wh-vlm/miniforge3/envs/lact_rl/lib/python3.12/site-packages/torch/cuda/__init__.py", line 985, in synchronize
    return torch._C._cuda_synchronize()
           ^^^^^^^^^^^^^^^^^^^^^^^^^^^^
RuntimeError: CUDA error: an illegal memory access was encountered
CUDA kernel errors might be asynchronously reported at some other API call, so the stacktrace below might be incorrect.
For debugging consider passing CUDA_LAUNCH_BLOCKING=1
Compile with `TORCH_USE_CUDA_DSA` to enable device-side assertions.


During handling of the above exception, another exception occurred:

[36mray::WorkerDict.actor_rollout_generate_sequences()[39m (pid=1942726, ip=172.17.32.106, actor_id=fa2bd67a11106240040978fc01000000, repr=<verl.single_controller.ray.base.WorkerDict object at 0x7f6cba34bb90>)
           ^^^^^^^^^^^^^^^^^^^^^^^^^^^^^^^^^^^^
           ^^^^^^^^^^^^^^^^^^^^^^^^^^^^^^^
  File "/n/fs/xw-hh/tttrl/verl/single_controller/ray/base.py", line 705, in func
    return getattr(self.worker_dict[key], name)(*args, **kwargs)
           ^^^^^^^^^^^^^^^^^^^^^^^^^^^^^^^^^^^^^^^^^^^^^^^^^^^^^
  File "/n/fs/xw-hh/tttrl/verl/single_controller/base/decorator.py", line 514, in inner
    return func(*args, **kwargs)
           ^^^^^^^^^^^^^^^^^^^^^
  File "/n/fs/xw-hh/tttrl/verl/workers/fsdp_workers.py", line 809, in generate_sequences
    output = self.rollout.generate_sequences(prompts=prompts)
             ^^^^^^^^^^^^^^^^^^^^^^^^^^^^^^^^^^^^^^^^^^^^^^^^
  File "/n/fs/xw-hh/tttrl/verl/workers/rollout/hf_rollout.py", line 53, in generate_sequences
    with param_ctx:
  File "/n/fs/wh-vlm/miniforge3/envs/lact_rl/lib/python3.12/contextlib.py", line 155, in __exit__
    self.gen.throw(value)
  File "/n/fs/wh-vlm/miniforge3/envs/lact_rl/lib/python3.12/site-packages/torch/distributed/fsdp/fully_sharded_data_parallel.py", line 939, in summon_full_params
    with _unshard_params(
  File "/n/fs/wh-vlm/miniforge3/envs/lact_rl/lib/python3.12/contextlib.py", line 155, in __exit__
    self.gen.throw(value)
  File "/n/fs/wh-vlm/miniforge3/envs/lact_rl/lib/python3.12/site-packages/torch/distributed/fsdp/_unshard_param_utils.py", line 293, in _unshard_params
    with contextlib.ExitStack() as stack:
  File "/n/fs/wh-vlm/miniforge3/envs/lact_rl/lib/python3.12/contextlib.py", line 598, in __exit__
    raise exc_details[1]
  File "/n/fs/wh-vlm/miniforge3/envs/lact_rl/lib/python3.12/contextlib.py", line 583, in __exit__
    if cb(*exc_details):
       ^^^^^^^^^^^^^^^^
  File "/n/fs/wh-vlm/miniforge3/envs/lact_rl/lib/python3.12/contextlib.py", line 155, in __exit__
    self.gen.throw(value)
  File "/n/fs/wh-vlm/miniforge3/envs/lact_rl/lib/python3.12/site-packages/torch/distributed/fsdp/_unshard_param_utils.py", line 256, in _unshard_params_for_summon
    with _unshard_fsdp_state_params(
  File "/n/fs/wh-vlm/miniforge3/envs/lact_rl/lib/python3.12/contextlib.py", line 155, in __exit__
    self.gen.throw(value)
  File "/n/fs/wh-vlm/miniforge3/envs/lact_rl/lib/python3.12/site-packages/torch/distributed/fsdp/_unshard_param_utils.py", line 229, in _unshard_fsdp_state_params
    _reshard(state, handle, free_unsharded_flat_param)
  File "/n/fs/wh-vlm/miniforge3/envs/lact_rl/lib/python3.12/site-packages/torch/distributed/fsdp/_runtime_utils.py", line 321, in _reshard
    free_event.record()
  File "/n/fs/wh-vlm/miniforge3/envs/lact_rl/lib/python3.12/site-packages/torch/cuda/streams.py", line 184, in record
    super().record(stream)
RuntimeError: CUDA error: an illegal memory access was encountered
CUDA kernel errors might be asynchronously reported at some other API call, so the stacktrace below might be incorrect.
For debugging consider passing CUDA_LAUNCH_BLOCKING=1
Compile with `TORCH_USE_CUDA_DSA` to enable device-side assertions.

Set the environment variable HYDRA_FULL_ERROR=1 for a complete stack trace.
srun: error: neu306: task 0: Exited with exit code 1
